<?xml version="1.0" encoding="UTF-8"?>
<testsuite xmlns:xsi="http://www.w3.org/2001/XMLSchema-instance" xsi:noNamespaceSchemaLocation="https://maven.apache.org/surefire/maven-surefire-plugin/xsd/surefire-test-report.xsd" name="com.yss.demo.DemoApplicationTests" time="7.727" tests="1" errors="0" skipped="0" failures="0">
  <properties>
    <property name="gopherProxySet" value="false"/>
    <property name="awt.toolkit" value="sun.lwawt.macosx.LWCToolkit"/>
    <property name="file.encoding.pkg" value="sun.io"/>
    <property name="java.specification.version" value="1.8"/>
    <property name="sun.cpu.isalist" value=""/>
    <property name="sun.jnu.encoding" value="UTF-8"/>
    <property name="java.class.path" value="/Users/lx/IdeaProjects/SpringCloud/eurekaserver/target/test-classes:/Users/lx/IdeaProjects/SpringCloud/eurekaserver/target/classes:/maven/repository/repository/org/springframework/cloud/spring-cloud-starter-netflix-eureka-server/2.2.3.RELEASE/spring-cloud-starter-netflix-eureka-server-2.2.3.RELEASE.jar:/maven/repository/repository/org/springframework/cloud/spring-cloud-starter/2.2.3.RELEASE/spring-cloud-starter-2.2.3.RELEASE.jar:/maven/repository/repository/org/springframework/cloud/spring-cloud-context/2.2.3.RELEASE/spring-cloud-context-2.2.3.RELEASE.jar:/maven/repository/repository/org/springframework/security/spring-security-crypto/5.3.3.RELEASE/spring-security-crypto-5.3.3.RELEASE.jar:/maven/repository/repository/org/springframework/cloud/spring-cloud-commons/2.2.3.RELEASE/spring-cloud-commons-2.2.3.RELEASE.jar:/maven/repository/repository/org/springframework/security/spring-security-rsa/1.0.9.RELEASE/spring-security-rsa-1.0.9.RELEASE.jar:/maven/repository/repository/org/bouncycastle/bcpkix-jdk15on/1.64/bcpkix-jdk15on-1.64.jar:/maven/repository/repository/org/bouncycastle/bcprov-jdk15on/1.64/bcprov-jdk15on-1.64.jar:/maven/repository/repository/org/springframework/cloud/spring-cloud-netflix-eureka-server/2.2.3.RELEASE/spring-cloud-netflix-eureka-server-2.2.3.RELEASE.jar:/maven/repository/repository/org/springframework/boot/spring-boot-starter-web/2.3.1.RELEASE/spring-boot-starter-web-2.3.1.RELEASE.jar:/maven/repository/repository/org/springframework/boot/spring-boot-starter-json/2.3.1.RELEASE/spring-boot-starter-json-2.3.1.RELEASE.jar:/maven/repository/repository/com/fasterxml/jackson/datatype/jackson-datatype-jdk8/2.11.0/jackson-datatype-jdk8-2.11.0.jar:/maven/repository/repository/com/fasterxml/jackson/datatype/jackson-datatype-jsr310/2.11.0/jackson-datatype-jsr310-2.11.0.jar:/maven/repository/repository/com/fasterxml/jackson/module/jackson-module-parameter-names/2.11.0/jackson-module-parameter-names-2.11.0.jar:/maven/repository/repository/org/springframework/boot/spring-boot-starter-tomcat/2.3.1.RELEASE/spring-boot-starter-tomcat-2.3.1.RELEASE.jar:/maven/repository/repository/org/apache/tomcat/embed/tomcat-embed-core/9.0.36/tomcat-embed-core-9.0.36.jar:/maven/repository/repository/org/glassfish/jakarta.el/3.0.3/jakarta.el-3.0.3.jar:/maven/repository/repository/org/apache/tomcat/embed/tomcat-embed-websocket/9.0.36/tomcat-embed-websocket-9.0.36.jar:/maven/repository/repository/org/springframework/spring-web/5.2.7.RELEASE/spring-web-5.2.7.RELEASE.jar:/maven/repository/repository/org/springframework/spring-beans/5.2.7.RELEASE/spring-beans-5.2.7.RELEASE.jar:/maven/repository/repository/org/springframework/spring-webmvc/5.2.7.RELEASE/spring-webmvc-5.2.7.RELEASE.jar:/maven/repository/repository/org/springframework/spring-aop/5.2.7.RELEASE/spring-aop-5.2.7.RELEASE.jar:/maven/repository/repository/org/springframework/spring-expression/5.2.7.RELEASE/spring-expression-5.2.7.RELEASE.jar:/maven/repository/repository/org/springframework/boot/spring-boot-starter-actuator/2.3.1.RELEASE/spring-boot-starter-actuator-2.3.1.RELEASE.jar:/maven/repository/repository/org/springframework/boot/spring-boot-actuator-autoconfigure/2.3.1.RELEASE/spring-boot-actuator-autoconfigure-2.3.1.RELEASE.jar:/maven/repository/repository/org/springframework/boot/spring-boot-actuator/2.3.1.RELEASE/spring-boot-actuator-2.3.1.RELEASE.jar:/maven/repository/repository/io/micrometer/micrometer-core/1.5.1/micrometer-core-1.5.1.jar:/maven/repository/repository/org/hdrhistogram/HdrHistogram/2.1.12/HdrHistogram-2.1.12.jar:/maven/repository/repository/org/latencyutils/LatencyUtils/2.0.3/LatencyUtils-2.0.3.jar:/maven/repository/repository/org/springframework/boot/spring-boot-starter-freemarker/2.3.1.RELEASE/spring-boot-starter-freemarker-2.3.1.RELEASE.jar:/maven/repository/repository/org/freemarker/freemarker/2.3.30/freemarker-2.3.30.jar:/maven/repository/repository/org/springframework/spring-context-support/5.2.7.RELEASE/spring-context-support-5.2.7.RELEASE.jar:/maven/repository/repository/org/springframework/cloud/spring-cloud-netflix-hystrix/2.2.3.RELEASE/spring-cloud-netflix-hystrix-2.2.3.RELEASE.jar:/maven/repository/repository/org/springframework/boot/spring-boot-starter-aop/2.3.1.RELEASE/spring-boot-starter-aop-2.3.1.RELEASE.jar:/maven/repository/repository/org/aspectj/aspectjweaver/1.9.5/aspectjweaver-1.9.5.jar:/maven/repository/repository/org/springframework/cloud/spring-cloud-netflix-eureka-client/2.2.3.RELEASE/spring-cloud-netflix-eureka-client-2.2.3.RELEASE.jar:/maven/repository/repository/com/netflix/eureka/eureka-client/1.9.21/eureka-client-1.9.21.jar:/maven/repository/repository/org/codehaus/jettison/jettison/1.3.7/jettison-1.3.7.jar:/maven/repository/repository/stax/stax-api/1.0.1/stax-api-1.0.1.jar:/maven/repository/repository/com/netflix/netflix-commons/netflix-eventbus/0.3.0/netflix-eventbus-0.3.0.jar:/maven/repository/repository/com/netflix/netflix-commons/netflix-infix/0.3.0/netflix-infix-0.3.0.jar:/maven/repository/repository/commons-jxpath/commons-jxpath/1.3/commons-jxpath-1.3.jar:/maven/repository/repository/joda-time/joda-time/2.3/joda-time-2.3.jar:/maven/repository/repository/org/antlr/antlr-runtime/3.4/antlr-runtime-3.4.jar:/maven/repository/repository/org/antlr/stringtemplate/3.2.1/stringtemplate-3.2.1.jar:/maven/repository/repository/antlr/antlr/2.7.7/antlr-2.7.7.jar:/maven/repository/repository/com/google/code/gson/gson/2.8.6/gson-2.8.6.jar:/maven/repository/repository/org/apache/commons/commons-math/2.2/commons-math-2.2.jar:/maven/repository/repository/javax/ws/rs/jsr311-api/1.1.1/jsr311-api-1.1.1.jar:/maven/repository/repository/com/netflix/servo/servo-core/0.12.21/servo-core-0.12.21.jar:/maven/repository/repository/com/sun/jersey/jersey-core/1.19.1/jersey-core-1.19.1.jar:/maven/repository/repository/com/sun/jersey/contribs/jersey-apache-client4/1.19.1/jersey-apache-client4-1.19.1.jar:/maven/repository/repository/org/apache/httpcomponents/httpclient/4.5.12/httpclient-4.5.12.jar:/maven/repository/repository/org/apache/httpcomponents/httpcore/4.4.13/httpcore-4.4.13.jar:/maven/repository/repository/commons-codec/commons-codec/1.14/commons-codec-1.14.jar:/maven/repository/repository/com/google/inject/guice/4.1.0/guice-4.1.0.jar:/maven/repository/repository/aopalliance/aopalliance/1.0/aopalliance-1.0.jar:/maven/repository/repository/com/fasterxml/jackson/core/jackson-annotations/2.11.0/jackson-annotations-2.11.0.jar:/maven/repository/repository/com/fasterxml/jackson/core/jackson-core/2.11.0/jackson-core-2.11.0.jar:/maven/repository/repository/com/fasterxml/jackson/core/jackson-databind/2.11.0/jackson-databind-2.11.0.jar:/maven/repository/repository/com/fasterxml/woodstox/woodstox-core/5.3.0/woodstox-core-5.3.0.jar:/maven/repository/repository/com/sun/jersey/jersey-servlet/1.19.1/jersey-servlet-1.19.1.jar:/maven/repository/repository/com/sun/jersey/jersey-server/1.19.1/jersey-server-1.19.1.jar:/maven/repository/repository/com/sun/jersey/jersey-client/1.19.1/jersey-client-1.19.1.jar:/maven/repository/repository/com/netflix/eureka/eureka-core/1.9.21/eureka-core-1.9.21.jar:/maven/repository/repository/com/netflix/archaius/archaius-core/0.7.6/archaius-core-0.7.6.jar:/maven/repository/repository/com/google/code/findbugs/jsr305/3.0.1/jsr305-3.0.1.jar:/maven/repository/repository/com/google/guava/guava/29.0-android/guava-29.0-android.jar:/maven/repository/repository/com/google/guava/failureaccess/1.0.1/failureaccess-1.0.1.jar:/maven/repository/repository/com/google/guava/listenablefuture/9999.0-empty-to-avoid-conflict-with-guava/listenablefuture-9999.0-empty-to-avoid-conflict-with-guava.jar:/maven/repository/repository/org/checkerframework/checker-compat-qual/2.5.5/checker-compat-qual-2.5.5.jar:/maven/repository/repository/com/google/errorprone/error_prone_annotations/2.3.4/error_prone_annotations-2.3.4.jar:/maven/repository/repository/com/google/j2objc/j2objc-annotations/1.3/j2objc-annotations-1.3.jar:/maven/repository/repository/javax/inject/javax.inject/1/javax.inject-1.jar:/maven/repository/repository/com/fasterxml/jackson/dataformat/jackson-dataformat-xml/2.11.0/jackson-dataformat-xml-2.11.0.jar:/maven/repository/repository/com/fasterxml/jackson/module/jackson-module-jaxb-annotations/2.11.0/jackson-module-jaxb-annotations-2.11.0.jar:/maven/repository/repository/org/codehaus/woodstox/stax2-api/4.2/stax2-api-4.2.jar:/maven/repository/repository/com/thoughtworks/xstream/xstream/1.4.11.1/xstream-1.4.11.1.jar:/maven/repository/repository/xmlpull/xmlpull/1.1.3.1/xmlpull-1.1.3.1.jar:/maven/repository/repository/xpp3/xpp3_min/1.1.4c/xpp3_min-1.1.4c.jar:/maven/repository/repository/org/springframework/cloud/spring-cloud-starter-netflix-archaius/2.2.3.RELEASE/spring-cloud-starter-netflix-archaius-2.2.3.RELEASE.jar:/maven/repository/repository/org/springframework/cloud/spring-cloud-netflix-ribbon/2.2.3.RELEASE/spring-cloud-netflix-ribbon-2.2.3.RELEASE.jar:/maven/repository/repository/org/springframework/cloud/spring-cloud-netflix-archaius/2.2.3.RELEASE/spring-cloud-netflix-archaius-2.2.3.RELEASE.jar:/maven/repository/repository/commons-configuration/commons-configuration/1.8/commons-configuration-1.8.jar:/maven/repository/repository/commons-lang/commons-lang/2.6/commons-lang-2.6.jar:/maven/repository/repository/org/springframework/cloud/spring-cloud-starter-netflix-ribbon/2.2.3.RELEASE/spring-cloud-starter-netflix-ribbon-2.2.3.RELEASE.jar:/maven/repository/repository/com/netflix/ribbon/ribbon/2.3.0/ribbon-2.3.0.jar:/maven/repository/repository/com/netflix/ribbon/ribbon-transport/2.3.0/ribbon-transport-2.3.0.jar:/maven/repository/repository/io/reactivex/rxnetty-contexts/0.4.9/rxnetty-contexts-0.4.9.jar:/maven/repository/repository/io/reactivex/rxnetty-servo/0.4.9/rxnetty-servo-0.4.9.jar:/maven/repository/repository/com/netflix/hystrix/hystrix-core/1.5.18/hystrix-core-1.5.18.jar:/maven/repository/repository/io/reactivex/rxnetty/0.4.9/rxnetty-0.4.9.jar:/maven/repository/repository/com/netflix/ribbon/ribbon-core/2.3.0/ribbon-core-2.3.0.jar:/maven/repository/repository/com/netflix/ribbon/ribbon-httpclient/2.3.0/ribbon-httpclient-2.3.0.jar:/maven/repository/repository/commons-collections/commons-collections/3.2.2/commons-collections-3.2.2.jar:/maven/repository/repository/com/netflix/netflix-commons/netflix-commons-util/0.3.0/netflix-commons-util-0.3.0.jar:/maven/repository/repository/com/netflix/ribbon/ribbon-loadbalancer/2.3.0/ribbon-loadbalancer-2.3.0.jar:/maven/repository/repository/com/netflix/netflix-commons/netflix-statistics/0.1.1/netflix-statistics-0.1.1.jar:/maven/repository/repository/io/reactivex/rxjava/1.3.8/rxjava-1.3.8.jar:/maven/repository/repository/org/springframework/cloud/spring-cloud-starter-loadbalancer/2.2.3.RELEASE/spring-cloud-starter-loadbalancer-2.2.3.RELEASE.jar:/maven/repository/repository/org/springframework/cloud/spring-cloud-loadbalancer/2.2.3.RELEASE/spring-cloud-loadbalancer-2.2.3.RELEASE.jar:/maven/repository/repository/org/springframework/boot/spring-boot-starter-validation/2.3.1.RELEASE/spring-boot-starter-validation-2.3.1.RELEASE.jar:/maven/repository/repository/org/hibernate/validator/hibernate-validator/6.1.5.Final/hibernate-validator-6.1.5.Final.jar:/maven/repository/repository/jakarta/validation/jakarta.validation-api/2.0.2/jakarta.validation-api-2.0.2.jar:/maven/repository/repository/org/jboss/logging/jboss-logging/3.4.1.Final/jboss-logging-3.4.1.Final.jar:/maven/repository/repository/com/fasterxml/classmate/1.5.1/classmate-1.5.1.jar:/maven/repository/repository/io/projectreactor/reactor-core/3.3.6.RELEASE/reactor-core-3.3.6.RELEASE.jar:/maven/repository/repository/org/reactivestreams/reactive-streams/1.0.3/reactive-streams-1.0.3.jar:/maven/repository/repository/io/projectreactor/addons/reactor-extra/3.3.3.RELEASE/reactor-extra-3.3.3.RELEASE.jar:/maven/repository/repository/org/springframework/boot/spring-boot-starter-cache/2.3.1.RELEASE/spring-boot-starter-cache-2.3.1.RELEASE.jar:/maven/repository/repository/com/stoyanr/evictor/1.0.0/evictor-1.0.0.jar:/maven/repository/repository/com/netflix/ribbon/ribbon-eureka/2.3.0/ribbon-eureka-2.3.0.jar:/maven/repository/repository/org/slf4j/slf4j-api/1.7.30/slf4j-api-1.7.30.jar:/maven/repository/repository/org/glassfish/jaxb/jaxb-runtime/2.3.3/jaxb-runtime-2.3.3.jar:/maven/repository/repository/org/glassfish/jaxb/txw2/2.3.3/txw2-2.3.3.jar:/maven/repository/repository/com/sun/istack/istack-commons-runtime/3.0.11/istack-commons-runtime-3.0.11.jar:/maven/repository/repository/com/sun/activation/jakarta.activation/1.2.2/jakarta.activation-1.2.2.jar:/maven/repository/repository/org/springframework/boot/spring-boot-starter-test/2.3.1.RELEASE/spring-boot-starter-test-2.3.1.RELEASE.jar:/maven/repository/repository/org/springframework/boot/spring-boot-starter/2.3.1.RELEASE/spring-boot-starter-2.3.1.RELEASE.jar:/maven/repository/repository/org/springframework/boot/spring-boot/2.3.1.RELEASE/spring-boot-2.3.1.RELEASE.jar:/maven/repository/repository/org/springframework/spring-context/5.2.7.RELEASE/spring-context-5.2.7.RELEASE.jar:/maven/repository/repository/org/springframework/boot/spring-boot-autoconfigure/2.3.1.RELEASE/spring-boot-autoconfigure-2.3.1.RELEASE.jar:/maven/repository/repository/org/springframework/boot/spring-boot-starter-logging/2.3.1.RELEASE/spring-boot-starter-logging-2.3.1.RELEASE.jar:/maven/repository/repository/ch/qos/logback/logback-classic/1.2.3/logback-classic-1.2.3.jar:/maven/repository/repository/ch/qos/logback/logback-core/1.2.3/logback-core-1.2.3.jar:/maven/repository/repository/org/apache/logging/log4j/log4j-to-slf4j/2.13.3/log4j-to-slf4j-2.13.3.jar:/maven/repository/repository/org/apache/logging/log4j/log4j-api/2.13.3/log4j-api-2.13.3.jar:/maven/repository/repository/org/slf4j/jul-to-slf4j/1.7.30/jul-to-slf4j-1.7.30.jar:/maven/repository/repository/jakarta/annotation/jakarta.annotation-api/1.3.5/jakarta.annotation-api-1.3.5.jar:/maven/repository/repository/org/yaml/snakeyaml/1.26/snakeyaml-1.26.jar:/maven/repository/repository/org/springframework/boot/spring-boot-test/2.3.1.RELEASE/spring-boot-test-2.3.1.RELEASE.jar:/maven/repository/repository/org/springframework/boot/spring-boot-test-autoconfigure/2.3.1.RELEASE/spring-boot-test-autoconfigure-2.3.1.RELEASE.jar:/maven/repository/repository/com/jayway/jsonpath/json-path/2.4.0/json-path-2.4.0.jar:/maven/repository/repository/net/minidev/json-smart/2.3/json-smart-2.3.jar:/maven/repository/repository/net/minidev/accessors-smart/1.2/accessors-smart-1.2.jar:/maven/repository/repository/org/ow2/asm/asm/5.0.4/asm-5.0.4.jar:/maven/repository/repository/jakarta/xml/bind/jakarta.xml.bind-api/2.3.3/jakarta.xml.bind-api-2.3.3.jar:/maven/repository/repository/jakarta/activation/jakarta.activation-api/1.2.2/jakarta.activation-api-1.2.2.jar:/maven/repository/repository/org/assertj/assertj-core/3.16.1/assertj-core-3.16.1.jar:/maven/repository/repository/org/hamcrest/hamcrest/2.2/hamcrest-2.2.jar:/maven/repository/repository/org/junit/jupiter/junit-jupiter/5.6.2/junit-jupiter-5.6.2.jar:/maven/repository/repository/org/junit/jupiter/junit-jupiter-api/5.6.2/junit-jupiter-api-5.6.2.jar:/maven/repository/repository/org/apiguardian/apiguardian-api/1.1.0/apiguardian-api-1.1.0.jar:/maven/repository/repository/org/opentest4j/opentest4j/1.2.0/opentest4j-1.2.0.jar:/maven/repository/repository/org/junit/platform/junit-platform-commons/1.6.2/junit-platform-commons-1.6.2.jar:/maven/repository/repository/org/junit/jupiter/junit-jupiter-params/5.6.2/junit-jupiter-params-5.6.2.jar:/maven/repository/repository/org/junit/jupiter/junit-jupiter-engine/5.6.2/junit-jupiter-engine-5.6.2.jar:/maven/repository/repository/org/junit/platform/junit-platform-engine/1.6.2/junit-platform-engine-1.6.2.jar:/maven/repository/repository/org/mockito/mockito-core/3.3.3/mockito-core-3.3.3.jar:/maven/repository/repository/net/bytebuddy/byte-buddy/1.10.11/byte-buddy-1.10.11.jar:/maven/repository/repository/net/bytebuddy/byte-buddy-agent/1.10.11/byte-buddy-agent-1.10.11.jar:/maven/repository/repository/org/objenesis/objenesis/2.6/objenesis-2.6.jar:/maven/repository/repository/org/mockito/mockito-junit-jupiter/3.3.3/mockito-junit-jupiter-3.3.3.jar:/maven/repository/repository/org/skyscreamer/jsonassert/1.5.0/jsonassert-1.5.0.jar:/maven/repository/repository/com/vaadin/external/google/android-json/0.0.20131108.vaadin1/android-json-0.0.20131108.vaadin1.jar:/maven/repository/repository/org/springframework/spring-core/5.2.7.RELEASE/spring-core-5.2.7.RELEASE.jar:/maven/repository/repository/org/springframework/spring-jcl/5.2.7.RELEASE/spring-jcl-5.2.7.RELEASE.jar:/maven/repository/repository/org/springframework/spring-test/5.2.7.RELEASE/spring-test-5.2.7.RELEASE.jar:/maven/repository/repository/org/xmlunit/xmlunit-core/2.7.0/xmlunit-core-2.7.0.jar:"/>
    <property name="java.vm.vendor" value="Oracle Corporation"/>
    <property name="sun.arch.data.model" value="64"/>
    <property name="java.vendor.url" value="http://java.oracle.com/"/>
    <property name="user.timezone" value=""/>
    <property name="java.vm.specification.version" value="1.8"/>
    <property name="os.name" value="Mac OS X"/>
    <property name="user.country" value="CN"/>
    <property name="sun.java.launcher" value="SUN_STANDARD"/>
    <property name="sun.boot.library.path" value="/Library/Java/JavaVirtualMachines/jdk1.8.0_251.jdk/Contents/Home/jre/lib"/>
    <property name="sun.java.command" value="/Users/lx/IdeaProjects/SpringCloud/eurekaserver/target/surefire/surefirebooter6642854175846991768.jar /Users/lx/IdeaProjects/SpringCloud/eurekaserver/target/surefire 2020-07-31T14-59-24_958-jvmRun1 surefire6087511046312533430tmp surefire_02748440264482338733tmp"/>
    <property name="http.nonProxyHosts" value="local|*.local|169.254/16|*.169.254/16"/>
    <property name="surefire.test.class.path" value="/Users/lx/IdeaProjects/SpringCloud/eurekaserver/target/test-classes:/Users/lx/IdeaProjects/SpringCloud/eurekaserver/target/classes:/maven/repository/repository/org/springframework/cloud/spring-cloud-starter-netflix-eureka-server/2.2.3.RELEASE/spring-cloud-starter-netflix-eureka-server-2.2.3.RELEASE.jar:/maven/repository/repository/org/springframework/cloud/spring-cloud-starter/2.2.3.RELEASE/spring-cloud-starter-2.2.3.RELEASE.jar:/maven/repository/repository/org/springframework/cloud/spring-cloud-context/2.2.3.RELEASE/spring-cloud-context-2.2.3.RELEASE.jar:/maven/repository/repository/org/springframework/security/spring-security-crypto/5.3.3.RELEASE/spring-security-crypto-5.3.3.RELEASE.jar:/maven/repository/repository/org/springframework/cloud/spring-cloud-commons/2.2.3.RELEASE/spring-cloud-commons-2.2.3.RELEASE.jar:/maven/repository/repository/org/springframework/security/spring-security-rsa/1.0.9.RELEASE/spring-security-rsa-1.0.9.RELEASE.jar:/maven/repository/repository/org/bouncycastle/bcpkix-jdk15on/1.64/bcpkix-jdk15on-1.64.jar:/maven/repository/repository/org/bouncycastle/bcprov-jdk15on/1.64/bcprov-jdk15on-1.64.jar:/maven/repository/repository/org/springframework/cloud/spring-cloud-netflix-eureka-server/2.2.3.RELEASE/spring-cloud-netflix-eureka-server-2.2.3.RELEASE.jar:/maven/repository/repository/org/springframework/boot/spring-boot-starter-web/2.3.1.RELEASE/spring-boot-starter-web-2.3.1.RELEASE.jar:/maven/repository/repository/org/springframework/boot/spring-boot-starter-json/2.3.1.RELEASE/spring-boot-starter-json-2.3.1.RELEASE.jar:/maven/repository/repository/com/fasterxml/jackson/datatype/jackson-datatype-jdk8/2.11.0/jackson-datatype-jdk8-2.11.0.jar:/maven/repository/repository/com/fasterxml/jackson/datatype/jackson-datatype-jsr310/2.11.0/jackson-datatype-jsr310-2.11.0.jar:/maven/repository/repository/com/fasterxml/jackson/module/jackson-module-parameter-names/2.11.0/jackson-module-parameter-names-2.11.0.jar:/maven/repository/repository/org/springframework/boot/spring-boot-starter-tomcat/2.3.1.RELEASE/spring-boot-starter-tomcat-2.3.1.RELEASE.jar:/maven/repository/repository/org/apache/tomcat/embed/tomcat-embed-core/9.0.36/tomcat-embed-core-9.0.36.jar:/maven/repository/repository/org/glassfish/jakarta.el/3.0.3/jakarta.el-3.0.3.jar:/maven/repository/repository/org/apache/tomcat/embed/tomcat-embed-websocket/9.0.36/tomcat-embed-websocket-9.0.36.jar:/maven/repository/repository/org/springframework/spring-web/5.2.7.RELEASE/spring-web-5.2.7.RELEASE.jar:/maven/repository/repository/org/springframework/spring-beans/5.2.7.RELEASE/spring-beans-5.2.7.RELEASE.jar:/maven/repository/repository/org/springframework/spring-webmvc/5.2.7.RELEASE/spring-webmvc-5.2.7.RELEASE.jar:/maven/repository/repository/org/springframework/spring-aop/5.2.7.RELEASE/spring-aop-5.2.7.RELEASE.jar:/maven/repository/repository/org/springframework/spring-expression/5.2.7.RELEASE/spring-expression-5.2.7.RELEASE.jar:/maven/repository/repository/org/springframework/boot/spring-boot-starter-actuator/2.3.1.RELEASE/spring-boot-starter-actuator-2.3.1.RELEASE.jar:/maven/repository/repository/org/springframework/boot/spring-boot-actuator-autoconfigure/2.3.1.RELEASE/spring-boot-actuator-autoconfigure-2.3.1.RELEASE.jar:/maven/repository/repository/org/springframework/boot/spring-boot-actuator/2.3.1.RELEASE/spring-boot-actuator-2.3.1.RELEASE.jar:/maven/repository/repository/io/micrometer/micrometer-core/1.5.1/micrometer-core-1.5.1.jar:/maven/repository/repository/org/hdrhistogram/HdrHistogram/2.1.12/HdrHistogram-2.1.12.jar:/maven/repository/repository/org/latencyutils/LatencyUtils/2.0.3/LatencyUtils-2.0.3.jar:/maven/repository/repository/org/springframework/boot/spring-boot-starter-freemarker/2.3.1.RELEASE/spring-boot-starter-freemarker-2.3.1.RELEASE.jar:/maven/repository/repository/org/freemarker/freemarker/2.3.30/freemarker-2.3.30.jar:/maven/repository/repository/org/springframework/spring-context-support/5.2.7.RELEASE/spring-context-support-5.2.7.RELEASE.jar:/maven/repository/repository/org/springframework/cloud/spring-cloud-netflix-hystrix/2.2.3.RELEASE/spring-cloud-netflix-hystrix-2.2.3.RELEASE.jar:/maven/repository/repository/org/springframework/boot/spring-boot-starter-aop/2.3.1.RELEASE/spring-boot-starter-aop-2.3.1.RELEASE.jar:/maven/repository/repository/org/aspectj/aspectjweaver/1.9.5/aspectjweaver-1.9.5.jar:/maven/repository/repository/org/springframework/cloud/spring-cloud-netflix-eureka-client/2.2.3.RELEASE/spring-cloud-netflix-eureka-client-2.2.3.RELEASE.jar:/maven/repository/repository/com/netflix/eureka/eureka-client/1.9.21/eureka-client-1.9.21.jar:/maven/repository/repository/org/codehaus/jettison/jettison/1.3.7/jettison-1.3.7.jar:/maven/repository/repository/stax/stax-api/1.0.1/stax-api-1.0.1.jar:/maven/repository/repository/com/netflix/netflix-commons/netflix-eventbus/0.3.0/netflix-eventbus-0.3.0.jar:/maven/repository/repository/com/netflix/netflix-commons/netflix-infix/0.3.0/netflix-infix-0.3.0.jar:/maven/repository/repository/commons-jxpath/commons-jxpath/1.3/commons-jxpath-1.3.jar:/maven/repository/repository/joda-time/joda-time/2.3/joda-time-2.3.jar:/maven/repository/repository/org/antlr/antlr-runtime/3.4/antlr-runtime-3.4.jar:/maven/repository/repository/org/antlr/stringtemplate/3.2.1/stringtemplate-3.2.1.jar:/maven/repository/repository/antlr/antlr/2.7.7/antlr-2.7.7.jar:/maven/repository/repository/com/google/code/gson/gson/2.8.6/gson-2.8.6.jar:/maven/repository/repository/org/apache/commons/commons-math/2.2/commons-math-2.2.jar:/maven/repository/repository/javax/ws/rs/jsr311-api/1.1.1/jsr311-api-1.1.1.jar:/maven/repository/repository/com/netflix/servo/servo-core/0.12.21/servo-core-0.12.21.jar:/maven/repository/repository/com/sun/jersey/jersey-core/1.19.1/jersey-core-1.19.1.jar:/maven/repository/repository/com/sun/jersey/contribs/jersey-apache-client4/1.19.1/jersey-apache-client4-1.19.1.jar:/maven/repository/repository/org/apache/httpcomponents/httpclient/4.5.12/httpclient-4.5.12.jar:/maven/repository/repository/org/apache/httpcomponents/httpcore/4.4.13/httpcore-4.4.13.jar:/maven/repository/repository/commons-codec/commons-codec/1.14/commons-codec-1.14.jar:/maven/repository/repository/com/google/inject/guice/4.1.0/guice-4.1.0.jar:/maven/repository/repository/aopalliance/aopalliance/1.0/aopalliance-1.0.jar:/maven/repository/repository/com/fasterxml/jackson/core/jackson-annotations/2.11.0/jackson-annotations-2.11.0.jar:/maven/repository/repository/com/fasterxml/jackson/core/jackson-core/2.11.0/jackson-core-2.11.0.jar:/maven/repository/repository/com/fasterxml/jackson/core/jackson-databind/2.11.0/jackson-databind-2.11.0.jar:/maven/repository/repository/com/fasterxml/woodstox/woodstox-core/5.3.0/woodstox-core-5.3.0.jar:/maven/repository/repository/com/sun/jersey/jersey-servlet/1.19.1/jersey-servlet-1.19.1.jar:/maven/repository/repository/com/sun/jersey/jersey-server/1.19.1/jersey-server-1.19.1.jar:/maven/repository/repository/com/sun/jersey/jersey-client/1.19.1/jersey-client-1.19.1.jar:/maven/repository/repository/com/netflix/eureka/eureka-core/1.9.21/eureka-core-1.9.21.jar:/maven/repository/repository/com/netflix/archaius/archaius-core/0.7.6/archaius-core-0.7.6.jar:/maven/repository/repository/com/google/code/findbugs/jsr305/3.0.1/jsr305-3.0.1.jar:/maven/repository/repository/com/google/guava/guava/29.0-android/guava-29.0-android.jar:/maven/repository/repository/com/google/guava/failureaccess/1.0.1/failureaccess-1.0.1.jar:/maven/repository/repository/com/google/guava/listenablefuture/9999.0-empty-to-avoid-conflict-with-guava/listenablefuture-9999.0-empty-to-avoid-conflict-with-guava.jar:/maven/repository/repository/org/checkerframework/checker-compat-qual/2.5.5/checker-compat-qual-2.5.5.jar:/maven/repository/repository/com/google/errorprone/error_prone_annotations/2.3.4/error_prone_annotations-2.3.4.jar:/maven/repository/repository/com/google/j2objc/j2objc-annotations/1.3/j2objc-annotations-1.3.jar:/maven/repository/repository/javax/inject/javax.inject/1/javax.inject-1.jar:/maven/repository/repository/com/fasterxml/jackson/dataformat/jackson-dataformat-xml/2.11.0/jackson-dataformat-xml-2.11.0.jar:/maven/repository/repository/com/fasterxml/jackson/module/jackson-module-jaxb-annotations/2.11.0/jackson-module-jaxb-annotations-2.11.0.jar:/maven/repository/repository/org/codehaus/woodstox/stax2-api/4.2/stax2-api-4.2.jar:/maven/repository/repository/com/thoughtworks/xstream/xstream/1.4.11.1/xstream-1.4.11.1.jar:/maven/repository/repository/xmlpull/xmlpull/1.1.3.1/xmlpull-1.1.3.1.jar:/maven/repository/repository/xpp3/xpp3_min/1.1.4c/xpp3_min-1.1.4c.jar:/maven/repository/repository/org/springframework/cloud/spring-cloud-starter-netflix-archaius/2.2.3.RELEASE/spring-cloud-starter-netflix-archaius-2.2.3.RELEASE.jar:/maven/repository/repository/org/springframework/cloud/spring-cloud-netflix-ribbon/2.2.3.RELEASE/spring-cloud-netflix-ribbon-2.2.3.RELEASE.jar:/maven/repository/repository/org/springframework/cloud/spring-cloud-netflix-archaius/2.2.3.RELEASE/spring-cloud-netflix-archaius-2.2.3.RELEASE.jar:/maven/repository/repository/commons-configuration/commons-configuration/1.8/commons-configuration-1.8.jar:/maven/repository/repository/commons-lang/commons-lang/2.6/commons-lang-2.6.jar:/maven/repository/repository/org/springframework/cloud/spring-cloud-starter-netflix-ribbon/2.2.3.RELEASE/spring-cloud-starter-netflix-ribbon-2.2.3.RELEASE.jar:/maven/repository/repository/com/netflix/ribbon/ribbon/2.3.0/ribbon-2.3.0.jar:/maven/repository/repository/com/netflix/ribbon/ribbon-transport/2.3.0/ribbon-transport-2.3.0.jar:/maven/repository/repository/io/reactivex/rxnetty-contexts/0.4.9/rxnetty-contexts-0.4.9.jar:/maven/repository/repository/io/reactivex/rxnetty-servo/0.4.9/rxnetty-servo-0.4.9.jar:/maven/repository/repository/com/netflix/hystrix/hystrix-core/1.5.18/hystrix-core-1.5.18.jar:/maven/repository/repository/io/reactivex/rxnetty/0.4.9/rxnetty-0.4.9.jar:/maven/repository/repository/com/netflix/ribbon/ribbon-core/2.3.0/ribbon-core-2.3.0.jar:/maven/repository/repository/com/netflix/ribbon/ribbon-httpclient/2.3.0/ribbon-httpclient-2.3.0.jar:/maven/repository/repository/commons-collections/commons-collections/3.2.2/commons-collections-3.2.2.jar:/maven/repository/repository/com/netflix/netflix-commons/netflix-commons-util/0.3.0/netflix-commons-util-0.3.0.jar:/maven/repository/repository/com/netflix/ribbon/ribbon-loadbalancer/2.3.0/ribbon-loadbalancer-2.3.0.jar:/maven/repository/repository/com/netflix/netflix-commons/netflix-statistics/0.1.1/netflix-statistics-0.1.1.jar:/maven/repository/repository/io/reactivex/rxjava/1.3.8/rxjava-1.3.8.jar:/maven/repository/repository/org/springframework/cloud/spring-cloud-starter-loadbalancer/2.2.3.RELEASE/spring-cloud-starter-loadbalancer-2.2.3.RELEASE.jar:/maven/repository/repository/org/springframework/cloud/spring-cloud-loadbalancer/2.2.3.RELEASE/spring-cloud-loadbalancer-2.2.3.RELEASE.jar:/maven/repository/repository/org/springframework/boot/spring-boot-starter-validation/2.3.1.RELEASE/spring-boot-starter-validation-2.3.1.RELEASE.jar:/maven/repository/repository/org/hibernate/validator/hibernate-validator/6.1.5.Final/hibernate-validator-6.1.5.Final.jar:/maven/repository/repository/jakarta/validation/jakarta.validation-api/2.0.2/jakarta.validation-api-2.0.2.jar:/maven/repository/repository/org/jboss/logging/jboss-logging/3.4.1.Final/jboss-logging-3.4.1.Final.jar:/maven/repository/repository/com/fasterxml/classmate/1.5.1/classmate-1.5.1.jar:/maven/repository/repository/io/projectreactor/reactor-core/3.3.6.RELEASE/reactor-core-3.3.6.RELEASE.jar:/maven/repository/repository/org/reactivestreams/reactive-streams/1.0.3/reactive-streams-1.0.3.jar:/maven/repository/repository/io/projectreactor/addons/reactor-extra/3.3.3.RELEASE/reactor-extra-3.3.3.RELEASE.jar:/maven/repository/repository/org/springframework/boot/spring-boot-starter-cache/2.3.1.RELEASE/spring-boot-starter-cache-2.3.1.RELEASE.jar:/maven/repository/repository/com/stoyanr/evictor/1.0.0/evictor-1.0.0.jar:/maven/repository/repository/com/netflix/ribbon/ribbon-eureka/2.3.0/ribbon-eureka-2.3.0.jar:/maven/repository/repository/org/slf4j/slf4j-api/1.7.30/slf4j-api-1.7.30.jar:/maven/repository/repository/org/glassfish/jaxb/jaxb-runtime/2.3.3/jaxb-runtime-2.3.3.jar:/maven/repository/repository/org/glassfish/jaxb/txw2/2.3.3/txw2-2.3.3.jar:/maven/repository/repository/com/sun/istack/istack-commons-runtime/3.0.11/istack-commons-runtime-3.0.11.jar:/maven/repository/repository/com/sun/activation/jakarta.activation/1.2.2/jakarta.activation-1.2.2.jar:/maven/repository/repository/org/springframework/boot/spring-boot-starter-test/2.3.1.RELEASE/spring-boot-starter-test-2.3.1.RELEASE.jar:/maven/repository/repository/org/springframework/boot/spring-boot-starter/2.3.1.RELEASE/spring-boot-starter-2.3.1.RELEASE.jar:/maven/repository/repository/org/springframework/boot/spring-boot/2.3.1.RELEASE/spring-boot-2.3.1.RELEASE.jar:/maven/repository/repository/org/springframework/spring-context/5.2.7.RELEASE/spring-context-5.2.7.RELEASE.jar:/maven/repository/repository/org/springframework/boot/spring-boot-autoconfigure/2.3.1.RELEASE/spring-boot-autoconfigure-2.3.1.RELEASE.jar:/maven/repository/repository/org/springframework/boot/spring-boot-starter-logging/2.3.1.RELEASE/spring-boot-starter-logging-2.3.1.RELEASE.jar:/maven/repository/repository/ch/qos/logback/logback-classic/1.2.3/logback-classic-1.2.3.jar:/maven/repository/repository/ch/qos/logback/logback-core/1.2.3/logback-core-1.2.3.jar:/maven/repository/repository/org/apache/logging/log4j/log4j-to-slf4j/2.13.3/log4j-to-slf4j-2.13.3.jar:/maven/repository/repository/org/apache/logging/log4j/log4j-api/2.13.3/log4j-api-2.13.3.jar:/maven/repository/repository/org/slf4j/jul-to-slf4j/1.7.30/jul-to-slf4j-1.7.30.jar:/maven/repository/repository/jakarta/annotation/jakarta.annotation-api/1.3.5/jakarta.annotation-api-1.3.5.jar:/maven/repository/repository/org/yaml/snakeyaml/1.26/snakeyaml-1.26.jar:/maven/repository/repository/org/springframework/boot/spring-boot-test/2.3.1.RELEASE/spring-boot-test-2.3.1.RELEASE.jar:/maven/repository/repository/org/springframework/boot/spring-boot-test-autoconfigure/2.3.1.RELEASE/spring-boot-test-autoconfigure-2.3.1.RELEASE.jar:/maven/repository/repository/com/jayway/jsonpath/json-path/2.4.0/json-path-2.4.0.jar:/maven/repository/repository/net/minidev/json-smart/2.3/json-smart-2.3.jar:/maven/repository/repository/net/minidev/accessors-smart/1.2/accessors-smart-1.2.jar:/maven/repository/repository/org/ow2/asm/asm/5.0.4/asm-5.0.4.jar:/maven/repository/repository/jakarta/xml/bind/jakarta.xml.bind-api/2.3.3/jakarta.xml.bind-api-2.3.3.jar:/maven/repository/repository/jakarta/activation/jakarta.activation-api/1.2.2/jakarta.activation-api-1.2.2.jar:/maven/repository/repository/org/assertj/assertj-core/3.16.1/assertj-core-3.16.1.jar:/maven/repository/repository/org/hamcrest/hamcrest/2.2/hamcrest-2.2.jar:/maven/repository/repository/org/junit/jupiter/junit-jupiter/5.6.2/junit-jupiter-5.6.2.jar:/maven/repository/repository/org/junit/jupiter/junit-jupiter-api/5.6.2/junit-jupiter-api-5.6.2.jar:/maven/repository/repository/org/apiguardian/apiguardian-api/1.1.0/apiguardian-api-1.1.0.jar:/maven/repository/repository/org/opentest4j/opentest4j/1.2.0/opentest4j-1.2.0.jar:/maven/repository/repository/org/junit/platform/junit-platform-commons/1.6.2/junit-platform-commons-1.6.2.jar:/maven/repository/repository/org/junit/jupiter/junit-jupiter-params/5.6.2/junit-jupiter-params-5.6.2.jar:/maven/repository/repository/org/junit/jupiter/junit-jupiter-engine/5.6.2/junit-jupiter-engine-5.6.2.jar:/maven/repository/repository/org/junit/platform/junit-platform-engine/1.6.2/junit-platform-engine-1.6.2.jar:/maven/repository/repository/org/mockito/mockito-core/3.3.3/mockito-core-3.3.3.jar:/maven/repository/repository/net/bytebuddy/byte-buddy/1.10.11/byte-buddy-1.10.11.jar:/maven/repository/repository/net/bytebuddy/byte-buddy-agent/1.10.11/byte-buddy-agent-1.10.11.jar:/maven/repository/repository/org/objenesis/objenesis/2.6/objenesis-2.6.jar:/maven/repository/repository/org/mockito/mockito-junit-jupiter/3.3.3/mockito-junit-jupiter-3.3.3.jar:/maven/repository/repository/org/skyscreamer/jsonassert/1.5.0/jsonassert-1.5.0.jar:/maven/repository/repository/com/vaadin/external/google/android-json/0.0.20131108.vaadin1/android-json-0.0.20131108.vaadin1.jar:/maven/repository/repository/org/springframework/spring-core/5.2.7.RELEASE/spring-core-5.2.7.RELEASE.jar:/maven/repository/repository/org/springframework/spring-jcl/5.2.7.RELEASE/spring-jcl-5.2.7.RELEASE.jar:/maven/repository/repository/org/springframework/spring-test/5.2.7.RELEASE/spring-test-5.2.7.RELEASE.jar:/maven/repository/repository/org/xmlunit/xmlunit-core/2.7.0/xmlunit-core-2.7.0.jar:"/>
    <property name="sun.cpu.endian" value="little"/>
    <property name="user.home" value="/Users/lx"/>
    <property name="user.language" value="zh"/>
    <property name="java.specification.vendor" value="Oracle Corporation"/>
    <property name="java.home" value="/Library/Java/JavaVirtualMachines/jdk1.8.0_251.jdk/Contents/Home/jre"/>
    <property name="basedir" value="/Users/lx/IdeaProjects/SpringCloud/eurekaserver"/>
    <property name="file.separator" value="/"/>
    <property name="line.separator" value="&#10;"/>
    <property name="java.vm.specification.vendor" value="Oracle Corporation"/>
    <property name="java.specification.name" value="Java Platform API Specification"/>
    <property name="java.awt.graphicsenv" value="sun.awt.CGraphicsEnvironment"/>
    <property name="surefire.real.class.path" value="/Users/lx/IdeaProjects/SpringCloud/eurekaserver/target/surefire/surefirebooter6642854175846991768.jar"/>
    <property name="sun.boot.class.path" value="/Library/Java/JavaVirtualMachines/jdk1.8.0_251.jdk/Contents/Home/jre/lib/resources.jar:/Library/Java/JavaVirtualMachines/jdk1.8.0_251.jdk/Contents/Home/jre/lib/rt.jar:/Library/Java/JavaVirtualMachines/jdk1.8.0_251.jdk/Contents/Home/jre/lib/sunrsasign.jar:/Library/Java/JavaVirtualMachines/jdk1.8.0_251.jdk/Contents/Home/jre/lib/jsse.jar:/Library/Java/JavaVirtualMachines/jdk1.8.0_251.jdk/Contents/Home/jre/lib/jce.jar:/Library/Java/JavaVirtualMachines/jdk1.8.0_251.jdk/Contents/Home/jre/lib/charsets.jar:/Library/Java/JavaVirtualMachines/jdk1.8.0_251.jdk/Contents/Home/jre/lib/jfr.jar:/Library/Java/JavaVirtualMachines/jdk1.8.0_251.jdk/Contents/Home/jre/classes"/>
    <property name="sun.management.compiler" value="HotSpot 64-Bit Tiered Compilers"/>
    <property name="ftp.nonProxyHosts" value="local|*.local|169.254/16|*.169.254/16"/>
    <property name="java.runtime.version" value="1.8.0_251-b08"/>
    <property name="user.name" value="lx"/>
    <property name="path.separator" value=":"/>
    <property name="os.version" value="10.14.5"/>
    <property name="java.endorsed.dirs" value="/Library/Java/JavaVirtualMachines/jdk1.8.0_251.jdk/Contents/Home/jre/lib/endorsed"/>
    <property name="java.runtime.name" value="Java(TM) SE Runtime Environment"/>
    <property name="file.encoding" value="UTF-8"/>
    <property name="java.vm.name" value="Java HotSpot(TM) 64-Bit Server VM"/>
    <property name="localRepository" value="/maven/repository/repository"/>
    <property name="java.vendor.url.bug" value="http://bugreport.sun.com/bugreport/"/>
    <property name="java.io.tmpdir" value="/var/folders/qc/nw205vcd2zbf147k3n5bct3w0000gn/T/"/>
    <property name="java.version" value="1.8.0_251"/>
    <property name="user.dir" value="/Users/lx/IdeaProjects/SpringCloud/eurekaserver"/>
    <property name="os.arch" value="x86_64"/>
    <property name="java.vm.specification.name" value="Java Virtual Machine Specification"/>
    <property name="java.awt.printerjob" value="sun.lwawt.macosx.CPrinterJob"/>
    <property name="sun.os.patch.level" value="unknown"/>
    <property name="java.library.path" value="/Users/lx/Library/Java/Extensions:/Library/Java/Extensions:/Network/Library/Java/Extensions:/System/Library/Java/Extensions:/usr/lib/java:."/>
    <property name="java.vm.info" value="mixed mode"/>
    <property name="java.vendor" value="Oracle Corporation"/>
    <property name="java.vm.version" value="25.251-b08"/>
    <property name="java.ext.dirs" value="/Users/lx/Library/Java/Extensions:/Library/Java/JavaVirtualMachines/jdk1.8.0_251.jdk/Contents/Home/jre/lib/ext:/Library/Java/Extensions:/Network/Library/Java/Extensions:/System/Library/Java/Extensions:/usr/lib/java"/>
    <property name="sun.io.unicode.encoding" value="UnicodeBig"/>
    <property name="java.class.version" value="52.0"/>
    <property name="socksNonProxyHosts" value="local|*.local|169.254/16|*.169.254/16"/>
  </properties>
  <testcase name="contextLoads" classname="com.yss.demo.DemoApplicationTests" time="0.232"/>
</testsuite>